<?xml version="1.0" encoding="UTF-8"?>
<!-- Generated by org.testng.reporters.JUnitReportReporter -->
<testsuite hostname="DESKTOP-J4KDHVA" name="myPack.Maunika" tests="4" failures="0" timestamp="23 Jul 2021 04:31:44 GMT" time="5.529" errors="0">
  <testcase name="editEmp" time="0.000" classname="myPack.Maunika"/>
  <testcase name="addEmp" time="0.011" classname="myPack.Maunika"/>
  <testcase name="deleteEmp" time="0.000" classname="myPack.Maunika"/>
  <testcase name="verifyLogin" time="5.518" classname="myPack.Maunika"/>
</testsuite> <!-- myPack.Maunika -->
